{
  "stats": {
    "suites": 1,
    "tests": 1,
    "passes": 0,
    "pending": 0,
    "failures": 1,
    "start": "2023-12-15T15:48:52.192Z",
    "end": "2023-12-15T15:49:14.618Z",
    "duration": 22426,
    "testsRegistered": 2,
    "passPercent": 0,
    "pendingPercent": 0,
    "other": 0,
    "hasOther": false,
    "skipped": 1,
    "hasSkipped": true
  },
  "results": [
    {
      "uuid": "d61bd2ff-bfe8-4949-9b5a-1a284c146bdb",
      "title": "",
      "fullFile": "cypress/e2e/Send/Send.cy.ts",
      "file": "cypress/e2e/Send/Send.cy.ts",
      "beforeHooks": [],
      "afterHooks": [],
      "tests": [],
      "suites": [
        {
          "uuid": "16ac5fc9-4599-4de6-bb41-e1fb7d47f444",
          "title": "Send",
          "fullFile": "",
          "file": "",
          "beforeHooks": [],
          "afterHooks": [],
          "tests": [
            {
              "title": "should successfully send a demo transaction",
              "fullTitle": "Send should successfully send a demo transaction",
              "timedOut": null,
              "duration": 22384,
              "state": "failed",
              "speed": null,
              "pass": false,
              "fail": true,
              "pending": false,
              "context": null,
              "code": "cy.checkUrl(_constants_enums__WEBPACK_IMPORTED_MODULE_1__.RoutesEnum.send);\ncy.getSelector('confirmData').should(_constants_enums__WEBPACK_IMPORTED_MODULE_1__.AssertionEnum.contain, 'Hello_world');\ncy.getSelector('sendTrxBtn').click();\ncy.get('p')\n    .should(_constants_enums__WEBPACK_IMPORTED_MODULE_1__.AssertionEnum.contain, 'Sender')\n    .should(_constants_enums__WEBPACK_IMPORTED_MODULE_1__.AssertionEnum.contain, 'erd16xlzk48ftvhxp8dyq6d0kkfpgpfechlzycfm9xmdmwna66pvkymqvz4vzq')\n    .should(_constants_enums__WEBPACK_IMPORTED_MODULE_1__.AssertionEnum.contain, 'Transaction status')\n    .should(_constants_enums__WEBPACK_IMPORTED_MODULE_1__.AssertionEnum.contain, 'succes');",
              "err": {
                "message": "AssertionError: Timed out retrying after 20000ms: Expected to find content: 'Send transaction' but never did.\n\nBecause this error occurred during a `before each` hook we are skipping the remaining tests in the current suite: `Send`",
                "estack": "AssertionError: Timed out retrying after 20000ms: Expected to find content: 'Send transaction' but never did.\n\nBecause this error occurred during a `before each` hook we are skipping the remaining tests in the current suite: `Send`\n    at Context.eval (webpack://multiversx-nextjs-dapp/./cypress/support/commands.ts:38:0)",
                "diff": null
              },
              "uuid": "9eb746ef-393b-4981-9bc1-d9a878005374",
              "parentUUID": "16ac5fc9-4599-4de6-bb41-e1fb7d47f444",
              "isHook": false,
              "skipped": false
            },
            {
              "title": "should display the cancelled status",
              "fullTitle": "Send should display the cancelled status",
              "timedOut": null,
              "duration": 0,
              "state": "skipped",
              "speed": null,
              "pass": false,
              "fail": false,
              "pending": false,
              "context": null,
              "code": "cy.contains('Send transaction').click();\ncy.getSelector('accessPass').type(_assets_globalData__WEBPACK_IMPORTED_MODULE_0__.userData.passsword);\ncy.getSelector('submitButton').click();\ncy.getSelector('cancelTrxBtn').click();\ncy.get('p')\n    .should(_constants_enums__WEBPACK_IMPORTED_MODULE_1__.AssertionEnum.contain, 'Transaction status')\n    .should(_constants_enums__WEBPACK_IMPORTED_MODULE_1__.AssertionEnum.contain, 'cancelled');",
              "err": {},
              "uuid": "a23d3e3a-4b10-414b-a98b-b36ad78e7379",
              "parentUUID": "16ac5fc9-4599-4de6-bb41-e1fb7d47f444",
              "isHook": false,
              "skipped": true
            }
          ],
          "suites": [],
          "passes": [],
          "failures": [
            "9eb746ef-393b-4981-9bc1-d9a878005374"
          ],
          "pending": [],
          "skipped": [
            "a23d3e3a-4b10-414b-a98b-b36ad78e7379"
          ],
          "duration": 22384,
          "root": false,
          "rootEmpty": false,
          "_timeout": 2000
        }
      ],
      "passes": [],
      "failures": [],
      "pending": [],
      "skipped": [],
      "duration": 0,
      "root": true,
      "rootEmpty": true,
      "_timeout": 2000
    }
  ],
  "meta": {
    "mocha": {
      "version": "7.0.1"
    },
    "mochawesome": {
      "options": {
        "quiet": false,
        "reportFilename": "mochawesome",
        "saveHtml": false,
        "saveJson": true,
        "consoleReporter": "spec",
        "useInlineDiffs": false,
        "code": true
      },
      "version": "7.1.3"
    },
    "marge": {
      "options": {
        "charts": true,
        "reportPageTitle": "E2E Report",
        "inlineAssets": true,
        "saveAllAttempts": true,
        "mochaFile": "results/my-test-output-[hash].xml",
        "overwrite": false,
        "html": false,
        "json": true,
        "embeddedScreenshots": true,
        "reportDir": "cypress/reports/html/.jsons"
      },
      "version": "6.2.0"
    }
  }
}