{
  "stats": {
    "suites": 1,
    "tests": 1,
    "passes": 0,
    "pending": 0,
    "failures": 1,
    "start": "2023-12-15T15:46:47.392Z",
    "end": "2023-12-15T15:47:11.411Z",
    "duration": 24019,
    "testsRegistered": 2,
    "passPercent": 0,
    "pendingPercent": 0,
    "other": 0,
    "hasOther": false,
    "skipped": 1,
    "hasSkipped": true
  },
  "results": [
    {
      "uuid": "7a661a1b-e309-47d6-b7b2-1cfefe364a55",
      "title": "",
      "fullFile": "cypress/e2e/BatchTransactions/cancelBatchTransactions.cy.ts",
      "file": "cypress/e2e/BatchTransactions/cancelBatchTransactions.cy.ts",
      "beforeHooks": [],
      "afterHooks": [],
      "tests": [],
      "suites": [
        {
          "uuid": "aafdf6b2-38df-4108-9d97-d349fe9366f5",
          "title": "cancelTransactions",
          "fullFile": "",
          "file": "",
          "beforeHooks": [],
          "afterHooks": [],
          "tests": [
            {
              "title": "should return transaction canceled for auto-send batch ",
              "fullTitle": "cancelTransactions should return transaction canceled for auto-send batch ",
              "timedOut": null,
              "duration": 23971,
              "state": "failed",
              "speed": null,
              "pass": false,
              "fail": true,
              "pending": false,
              "context": null,
              "code": "(0,_helpers__WEBPACK_IMPORTED_MODULE_0__.cancelTransactions)('sign-auto-send');",
              "err": {
                "message": "AssertionError: Timed out retrying after 20000ms: Expected to find element: `[data-testid=webWalletLoginBtn]`, but never found it.\n\nBecause this error occurred during a `before each` hook we are skipping the remaining tests in the current suite: `cancelTransactions`",
                "estack": "AssertionError: Timed out retrying after 20000ms: Expected to find element: `[data-testid=webWalletLoginBtn]`, but never found it.\n\nBecause this error occurred during a `before each` hook we are skipping the remaining tests in the current suite: `cancelTransactions`\n    at Context.eval (webpack://multiversx-nextjs-dapp/./cypress/support/commands.ts:60:0)",
                "diff": null
              },
              "uuid": "5901c67a-67f0-40ed-a293-ee3716c78739",
              "parentUUID": "aafdf6b2-38df-4108-9d97-d349fe9366f5",
              "isHook": false,
              "skipped": false
            },
            {
              "title": "should return transaction canceled for swap-lock",
              "fullTitle": "cancelTransactions should return transaction canceled for swap-lock",
              "timedOut": null,
              "duration": 0,
              "state": "skipped",
              "speed": null,
              "pass": false,
              "fail": false,
              "pending": false,
              "context": null,
              "code": "(0,_helpers__WEBPACK_IMPORTED_MODULE_0__.cancelTransactions)('swap-lock');",
              "err": {},
              "uuid": "e971c47e-6a3f-4a66-b598-30af7d882545",
              "parentUUID": "aafdf6b2-38df-4108-9d97-d349fe9366f5",
              "isHook": false,
              "skipped": true
            }
          ],
          "suites": [],
          "passes": [],
          "failures": [
            "5901c67a-67f0-40ed-a293-ee3716c78739"
          ],
          "pending": [],
          "skipped": [
            "e971c47e-6a3f-4a66-b598-30af7d882545"
          ],
          "duration": 23971,
          "root": false,
          "rootEmpty": false,
          "_timeout": 2000
        }
      ],
      "passes": [],
      "failures": [],
      "pending": [],
      "skipped": [],
      "duration": 0,
      "root": true,
      "rootEmpty": true,
      "_timeout": 2000
    }
  ],
  "meta": {
    "mocha": {
      "version": "7.0.1"
    },
    "mochawesome": {
      "options": {
        "quiet": false,
        "reportFilename": "mochawesome",
        "saveHtml": false,
        "saveJson": true,
        "consoleReporter": "spec",
        "useInlineDiffs": false,
        "code": true
      },
      "version": "7.1.3"
    },
    "marge": {
      "options": {
        "charts": true,
        "reportPageTitle": "E2E Report",
        "inlineAssets": true,
        "saveAllAttempts": true,
        "mochaFile": "results/my-test-output-[hash].xml",
        "overwrite": false,
        "html": false,
        "json": true,
        "embeddedScreenshots": true,
        "reportDir": "cypress/reports/html/.jsons"
      },
      "version": "6.2.0"
    }
  }
}