{
  "stats": {
    "suites": 1,
    "tests": 4,
    "passes": 0,
    "pending": 0,
    "failures": 4,
    "start": "2023-12-15T15:47:13.358Z",
    "end": "2023-12-15T15:48:50.299Z",
    "duration": 96941,
    "testsRegistered": 4,
    "passPercent": 0,
    "pendingPercent": 0,
    "other": 0,
    "hasOther": false,
    "skipped": 0,
    "hasSkipped": false
  },
  "results": [
    {
      "uuid": "9a88a9c7-d62f-46bb-8a50-e40b74ecdf71",
      "title": "",
      "fullFile": "cypress/e2e/SCTransactions/SCTransaction.cy.ts",
      "file": "cypress/e2e/SCTransactions/SCTransaction.cy.ts",
      "beforeHooks": [],
      "afterHooks": [],
      "tests": [],
      "suites": [
        {
          "uuid": "16a6a8e0-3b39-4369-913d-2d9242b9a6c8",
          "title": "Smart Contract Transactions",
          "fullFile": "",
          "file": "",
          "beforeHooks": [],
          "afterHooks": [],
          "tests": [
            {
              "title": "should successfully execute the Ping & Pong ABI",
              "fullTitle": "Smart Contract Transactions should successfully execute the Ping & Pong ABI",
              "timedOut": null,
              "duration": 24062,
              "state": "failed",
              "speed": null,
              "pass": false,
              "fail": true,
              "pending": false,
              "context": null,
              "code": "cy.login(_constants_enums__WEBPACK_IMPORTED_MODULE_3__.WalletIDEnum.unguardedWallet1, 'Connect');\ncy.wait(5000);\n(0,_SCActions__WEBPACK_IMPORTED_MODULE_0__.pingPongHandler)('Abi');",
              "err": {
                "message": "AssertionError: Timed out retrying after 20000ms: Expected to find element: `[data-testid=webWalletLoginBtn]`, but never found it.",
                "estack": "AssertionError: Timed out retrying after 20000ms: Expected to find element: `[data-testid=webWalletLoginBtn]`, but never found it.\n    at Context.eval (webpack://multiversx-nextjs-dapp/./cypress/support/commands.ts:60:0)",
                "diff": null
              },
              "uuid": "20d0e6fe-e275-4630-b0db-c6329dc4a3dd",
              "parentUUID": "16a6a8e0-3b39-4369-913d-2d9242b9a6c8",
              "isHook": false,
              "skipped": false
            },
            {
              "title": "should successfully execute the Ping & Pong RAW ",
              "fullTitle": "Smart Contract Transactions should successfully execute the Ping & Pong RAW ",
              "timedOut": null,
              "duration": 24131,
              "state": "failed",
              "speed": null,
              "pass": false,
              "fail": true,
              "pending": false,
              "context": null,
              "code": "cy.login(_constants_enums__WEBPACK_IMPORTED_MODULE_3__.WalletIDEnum.unguardedWallet2, 'Connect');\ncy.wait(5000);\n(0,_SCActions__WEBPACK_IMPORTED_MODULE_0__.pingPongHandler)('Raw');",
              "err": {
                "message": "AssertionError: Timed out retrying after 20000ms: Expected to find element: `[data-testid=webWalletLoginBtn]`, but never found it.",
                "estack": "AssertionError: Timed out retrying after 20000ms: Expected to find element: `[data-testid=webWalletLoginBtn]`, but never found it.\n    at Context.eval (webpack://multiversx-nextjs-dapp/./cypress/support/commands.ts:60:0)",
                "diff": null
              },
              "uuid": "105b519a-a1a4-4be8-b6e2-62c4055ec603",
              "parentUUID": "16a6a8e0-3b39-4369-913d-2d9242b9a6c8",
              "isHook": false,
              "skipped": false
            },
            {
              "title": "should successfully execute the Ping & Pong Service",
              "fullTitle": "Smart Contract Transactions should successfully execute the Ping & Pong Service",
              "timedOut": null,
              "duration": 24102,
              "state": "failed",
              "speed": null,
              "pass": false,
              "fail": true,
              "pending": false,
              "context": null,
              "code": "cy.login(_constants_enums__WEBPACK_IMPORTED_MODULE_3__.WalletIDEnum.unguardedWallet3, 'Connect');\ncy.wait(5000);\n(0,_SCActions__WEBPACK_IMPORTED_MODULE_0__.pingPongHandler)('Raw');",
              "err": {
                "message": "AssertionError: Timed out retrying after 20000ms: Expected to find element: `[data-testid=webWalletLoginBtn]`, but never found it.",
                "estack": "AssertionError: Timed out retrying after 20000ms: Expected to find element: `[data-testid=webWalletLoginBtn]`, but never found it.\n    at Context.eval (webpack://multiversx-nextjs-dapp/./cypress/support/commands.ts:60:0)",
                "diff": null
              },
              "uuid": "bd6af7d8-88d9-4325-9ef2-9ecb7c06feb8",
              "parentUUID": "16a6a8e0-3b39-4369-913d-2d9242b9a6c8",
              "isHook": false,
              "skipped": false
            },
            {
              "title": "should not execute ping&pong aciton",
              "fullTitle": "Smart Contract Transactions should not execute ping&pong aciton",
              "timedOut": null,
              "duration": 24420,
              "state": "failed",
              "speed": null,
              "pass": false,
              "fail": true,
              "pending": false,
              "context": null,
              "code": "cy.login(_constants_enums__WEBPACK_IMPORTED_MODULE_3__.WalletIDEnum.unguardedWallet4, 'Connect');\ncy.wait(5000);\ncy.getSelector('btnPongAbi').click();\ncy.getSelector(_SCTransactionData__WEBPACK_IMPORTED_MODULE_1__.scSelectors.accesPass).type(_assets_globalData__WEBPACK_IMPORTED_MODULE_2__.userData.passsword);\ncy.getSelector(_SCTransactionData__WEBPACK_IMPORTED_MODULE_1__.scSelectors.submitButton).click();\ncy.getSelector('closeButton').click();\ncy.contains('Transaction canceled');",
              "err": {
                "message": "AssertionError: Timed out retrying after 20000ms: Expected to find element: `[data-testid=webWalletLoginBtn]`, but never found it.",
                "estack": "AssertionError: Timed out retrying after 20000ms: Expected to find element: `[data-testid=webWalletLoginBtn]`, but never found it.\n    at Context.eval (webpack://multiversx-nextjs-dapp/./cypress/support/commands.ts:60:0)",
                "diff": null
              },
              "uuid": "85de4056-eba7-4a29-8185-836cd65224ad",
              "parentUUID": "16a6a8e0-3b39-4369-913d-2d9242b9a6c8",
              "isHook": false,
              "skipped": false
            }
          ],
          "suites": [],
          "passes": [],
          "failures": [
            "20d0e6fe-e275-4630-b0db-c6329dc4a3dd",
            "105b519a-a1a4-4be8-b6e2-62c4055ec603",
            "bd6af7d8-88d9-4325-9ef2-9ecb7c06feb8",
            "85de4056-eba7-4a29-8185-836cd65224ad"
          ],
          "pending": [],
          "skipped": [],
          "duration": 96715,
          "root": false,
          "rootEmpty": false,
          "_timeout": 2000
        }
      ],
      "passes": [],
      "failures": [],
      "pending": [],
      "skipped": [],
      "duration": 0,
      "root": true,
      "rootEmpty": true,
      "_timeout": 2000
    }
  ],
  "meta": {
    "mocha": {
      "version": "7.0.1"
    },
    "mochawesome": {
      "options": {
        "quiet": false,
        "reportFilename": "mochawesome",
        "saveHtml": false,
        "saveJson": true,
        "consoleReporter": "spec",
        "useInlineDiffs": false,
        "code": true
      },
      "version": "7.1.3"
    },
    "marge": {
      "options": {
        "charts": true,
        "reportPageTitle": "E2E Report",
        "inlineAssets": true,
        "saveAllAttempts": true,
        "mochaFile": "results/my-test-output-[hash].xml",
        "overwrite": false,
        "html": false,
        "json": true,
        "embeddedScreenshots": true,
        "reportDir": "cypress/reports/html/.jsons"
      },
      "version": "6.2.0"
    }
  }
}