{
  "stats": {
    "suites": 1,
    "tests": 1,
    "passes": 0,
    "pending": 0,
    "failures": 1,
    "start": "2023-12-15T15:49:16.812Z",
    "end": "2023-12-15T15:49:40.972Z",
    "duration": 24160,
    "testsRegistered": 2,
    "passPercent": 0,
    "pendingPercent": 0,
    "other": 0,
    "hasOther": false,
    "skipped": 1,
    "hasSkipped": true
  },
  "results": [
    {
      "uuid": "6ba02b17-f058-45f5-bc8a-47179718191f",
      "title": "",
      "fullFile": "cypress/e2e/SignMessage/SignMessage.cy.ts",
      "file": "cypress/e2e/SignMessage/SignMessage.cy.ts",
      "beforeHooks": [],
      "afterHooks": [],
      "tests": [],
      "suites": [
        {
          "uuid": "af416b16-a68f-4628-a949-bc47eb36e7c9",
          "title": "Sign Message",
          "fullFile": "",
          "file": "",
          "beforeHooks": [],
          "afterHooks": [],
          "tests": [
            {
              "title": "should sign",
              "fullTitle": "Sign Message should sign",
              "timedOut": null,
              "duration": 24115,
              "state": "failed",
              "speed": null,
              "pass": false,
              "fail": true,
              "pending": false,
              "context": null,
              "code": "var widgetInfo = ['Signature', 'Encoded message', 'Decoded message'];\ncy.getSelector('signMsgBtn').should('be.disabled');\ncy.get('textarea').first().type('Test');\ncy.getSelector('signMsgBtn').click();\ncy.getSelector(_SCTransactions_SCTransactionData__WEBPACK_IMPORTED_MODULE_2__.scSelectors.accesPass).type(_assets_globalData__WEBPACK_IMPORTED_MODULE_0__.userData.passsword);\ncy.getSelector(_SCTransactions_SCTransactionData__WEBPACK_IMPORTED_MODULE_2__.scSelectors.submitButton).click();\ncy.getSelector('message').should('have.value', 'Test');\ncy.getSelector('signButton').click();\nwidgetInfo.forEach(function (element) {\n    cy.get('label').should(_constants_enums__WEBPACK_IMPORTED_MODULE_1__.AssertionEnum.contain, element);\n});\ncy.getSelector('closeTransactionSuccessBtn').click();\ncy.getSelector('signMsgBtn').should('be.disabled');",
              "err": {
                "message": "AssertionError: Timed out retrying after 20000ms: Expected to find element: `[data-testid=webWalletLoginBtn]`, but never found it.\n\nBecause this error occurred during a `before each` hook we are skipping the remaining tests in the current suite: `Sign Message`",
                "estack": "AssertionError: Timed out retrying after 20000ms: Expected to find element: `[data-testid=webWalletLoginBtn]`, but never found it.\n\nBecause this error occurred during a `before each` hook we are skipping the remaining tests in the current suite: `Sign Message`\n    at Context.eval (webpack://multiversx-nextjs-dapp/./cypress/support/commands.ts:60:0)",
                "diff": null
              },
              "uuid": "04831105-c94a-49bc-969a-e38d453561c6",
              "parentUUID": "af416b16-a68f-4628-a949-bc47eb36e7c9",
              "isHook": false,
              "skipped": false
            },
            {
              "title": "should not sign",
              "fullTitle": "Sign Message should not sign",
              "timedOut": null,
              "duration": 0,
              "state": "skipped",
              "speed": null,
              "pass": false,
              "fail": false,
              "pending": false,
              "context": null,
              "code": "cy.get('textarea').first().type('Test');\ncy.getSelector('signMsgBtn').click();\ncy.wait(2000);\ncy.getSelector(_SCTransactions_SCTransactionData__WEBPACK_IMPORTED_MODULE_2__.scSelectors.accesPass).type(_assets_globalData__WEBPACK_IMPORTED_MODULE_0__.userData.passsword);\ncy.getSelector(_SCTransactions_SCTransactionData__WEBPACK_IMPORTED_MODULE_2__.scSelectors.submitButton).click();\ncy.getSelector('closeBtn').click();\ncy.checkUrl(_constants_enums__WEBPACK_IMPORTED_MODULE_1__.RoutesEnum.dashboard);",
              "err": {},
              "uuid": "f932c2ec-0604-4bce-a925-1642d889e3fa",
              "parentUUID": "af416b16-a68f-4628-a949-bc47eb36e7c9",
              "isHook": false,
              "skipped": true
            }
          ],
          "suites": [],
          "passes": [],
          "failures": [
            "04831105-c94a-49bc-969a-e38d453561c6"
          ],
          "pending": [],
          "skipped": [
            "f932c2ec-0604-4bce-a925-1642d889e3fa"
          ],
          "duration": 24115,
          "root": false,
          "rootEmpty": false,
          "_timeout": 2000
        }
      ],
      "passes": [],
      "failures": [],
      "pending": [],
      "skipped": [],
      "duration": 0,
      "root": true,
      "rootEmpty": true,
      "_timeout": 2000
    }
  ],
  "meta": {
    "mocha": {
      "version": "7.0.1"
    },
    "mochawesome": {
      "options": {
        "quiet": false,
        "reportFilename": "mochawesome",
        "saveHtml": false,
        "saveJson": true,
        "consoleReporter": "spec",
        "useInlineDiffs": false,
        "code": true
      },
      "version": "7.1.3"
    },
    "marge": {
      "options": {
        "charts": true,
        "reportPageTitle": "E2E Report",
        "inlineAssets": true,
        "saveAllAttempts": true,
        "mochaFile": "results/my-test-output-[hash].xml",
        "overwrite": false,
        "html": false,
        "json": true,
        "embeddedScreenshots": true,
        "reportDir": "cypress/reports/html/.jsons"
      },
      "version": "6.2.0"
    }
  }
}